#
# There is insufficient memory for the Java Runtime Environment to continue.
# Native memory allocation (malloc) failed to allocate 32744 bytes for ChunkPool::allocate
# Possible reasons:
#   The system is out of physical RAM or swap space
#   In 32 bit mode, the process size limit was hit
# Possible solutions:
#   Reduce memory load on the system
#   Increase physical memory or swap space
#   Check if swap backing store is full
#   Use 64 bit Java on a 64 bit OS
#   Decrease Java heap size (-Xmx/-Xms)
#   Decrease number of Java threads
#   Decrease Java thread stack sizes (-Xss)
#   Set larger code cache with -XX:ReservedCodeCacheSize=
# This output file may be truncated or incomplete.
#
#  Out of Memory Error (allocation.cpp:273), pid=26600, tid=0x00000000000007a0
#
# JRE version: Java(TM) SE Runtime Environment (8.0_141-b15) (build 1.8.0_141-b15)
# Java VM: Java HotSpot(TM) 64-Bit Server VM (25.141-b15 mixed mode windows-amd64 compressed oops)
# Failed to write core dump. Minidumps are not enabled by default on client versions of Windows
#

---------------  T H R E A D  ---------------

Current thread (0x00000000191b9800):  JavaThread "C2 CompilerThread0" daemon [_thread_in_native, id=1952, stack(0x0000000019880000,0x0000000019980000)]

Stack: [0x0000000019880000,0x0000000019980000]
[error occurred during error reporting (printing stack bounds), id 0xc0000005]

Native frames: (J=compiled Java code, j=interpreted, Vv=VM code, C=native code)


Current CompileTask:
C2:   5603 3887   !   4       java.net.URLClassLoader$1::run (63 bytes)


---------------  P R O C E S S  ---------------

Java Threads: ( => current thread )
  0x0000000019233800 JavaThread "Service Thread" daemon [_thread_blocked, id=21984, stack(0x0000000019b80000,0x0000000019c80000)]
  0x0000000019227000 JavaThread "C1 CompilerThread2" daemon [_thread_in_native, id=16380, stack(0x0000000019a80000,0x0000000019b80000)]
  0x00000000191bd000 JavaThread "C2 CompilerThread1" daemon [_thread_in_native, id=14328, stack(0x0000000019980000,0x0000000019a80000)]
=>0x00000000191b9800 JavaThread "C2 CompilerThread0" daemon [_thread_in_native, id=1952, stack(0x0000000019880000,0x0000000019980000)]
  0x00000000191b8000 JavaThread "Monitor Ctrl-Break" daemon [_thread_in_native, id=6728, stack(0x0000000019780000,0x0000000019880000)]
  0x0000000017e8b800 JavaThread "Attach Listener" daemon [_thread_blocked, id=18040, stack(0x0000000019680000,0x0000000019780000)]
  0x0000000017e40000 JavaThread "Signal Dispatcher" daemon [_thread_blocked, id=21788, stack(0x0000000019580000,0x0000000019680000)]
  0x0000000017e1a000 JavaThread "Finalizer" daemon [_thread_blocked, id=2552, stack(0x0000000019080000,0x0000000019180000)]
  0x00000000032e2000 JavaThread "Reference Handler" daemon [_thread_blocked, id=9972, stack(0x0000000018f80000,0x0000000019080000)]
  0x00000000031f2800 JavaThread "main" [_thread_in_native, id=8204, stack(0x0000000002ba0000,0x0000000002ca0000)]

Other Threads:
  0x0000000017df7800 VMThread [stack: 0x0000000018e80000,0x0000000018f80000] [id=21424]
  0x0000000019255000 WatcherThread [stack: 0x0000000019c80000,0x0000000019d80000] [id=10112]

VM state:not at safepoint (normal execution)

VM Mutex/Monitor currently owned by a thread: None

Heap:
 PSYoungGen      total 149504K, used 28900K [0x00000000d5e00000, 0x00000000e9600000, 0x0000000100000000)
  eden space 132608K, 9% used [0x00000000d5e00000,0x00000000d69bb9f0,0x00000000ddf80000)
  from space 16896K, 99% used [0x00000000ddf80000,0x00000000deffd6d0,0x00000000df000000)
  to   space 27136K, 0% used [0x00000000e7b80000,0x00000000e7b80000,0x00000000e9600000)
 ParOldGen       total 87552K, used 37738K [0x0000000081a00000, 0x0000000086f80000, 0x00000000d5e00000)
  object space 87552K, 43% used [0x0000000081a00000,0x0000000083eda8d0,0x0000000086f80000)
 Metaspace       used 20279K, capacity 20842K, committed 20992K, reserved 1067008K
  class space    used 2359K, capacity 2510K, committed 2560K, reserved 1048576K

Card table byte_map: [0x00000000126b0000,0x0000000012ab0000] byte_map_base: 0x00000000122a3000

Marking Bits: (ParMarkBitMap*) 0x000000007312d850
 Begin Bits: [0x0000000013160000, 0x00000000150f8000)
 End Bits:   [0x00000000150f8000, 0x0000000017090000)

Polling page: 0x00000000009f0000

CodeCache: size=245760Kb used=11852Kb max_used=14166Kb free=233907Kb
 bounds [0x00000000032f0000, 0x00000000040e0000, 0x00000000122f0000]
 total_blobs=3794 nmethods=3401 adapters=305
 compilation: enabled

Compilation events (10 events):
Event: 5.587 Thread 0x0000000019227000 3960       3       org.eclipse.aether.internal.impl.DataPool$Constraint::<init> (90 bytes)
Event: 5.587 Thread 0x0000000019227000 nmethod 3960 0x00000000038f1bd0 code [0x00000000038f1de0, 0x00000000038f2be8]
Event: 5.587 Thread 0x0000000019227000 3961       3       org.eclipse.aether.internal.impl.DefaultRemoteRepositoryManager::merge (259 bytes)
Event: 5.588 Thread 0x0000000019227000 nmethod 3961 0x00000000037a2bd0 code [0x00000000037a2e80, 0x00000000037a3f58]
Event: 5.598 Thread 0x0000000019227000 3962       3       org.eclipse.aether.util.graph.selector.ScopeDependencySelector::hashCode (75 bytes)
Event: 5.598 Thread 0x0000000019227000 nmethod 3962 0x000000000369de50 code [0x000000000369dfe0, 0x000000000369e3f8]
Event: 5.598 Thread 0x0000000019227000 3963       3       org.eclipse.aether.util.graph.selector.OptionalDependencySelector::hashCode (20 bytes)
Event: 5.598 Thread 0x0000000019227000 nmethod 3963 0x00000000034bef10 code [0x00000000034bf080, 0x00000000034bf348]
Event: 5.598 Thread 0x0000000019227000 3964       3       org.eclipse.aether.util.graph.selector.ExclusionDependencySelector::hashCode (38 bytes)
Event: 5.598 Thread 0x0000000019227000 nmethod 3964 0x0000000003844810 code [0x0000000003844980, 0x0000000003844cd8]

GC Heap History (10 events):
Event: 1.610 GC heap before
{Heap before GC invocations=3 (full 0):
 PSYoungGen      total 38400K, used 38387K [0x00000000d5e00000, 0x00000000da900000, 0x0000000100000000)
  eden space 33280K, 100% used [0x00000000d5e00000,0x00000000d7e80000,0x00000000d7e80000)
  from space 5120K, 99% used [0x00000000d8380000,0x00000000d887cd00,0x00000000d8880000)
  to   space 5120K, 0% used [0x00000000d7e80000,0x00000000d7e80000,0x00000000d8380000)
 ParOldGen       total 87552K, used 1928K [0x0000000081a00000, 0x0000000086f80000, 0x00000000d5e00000)
  object space 87552K, 2% used [0x0000000081a00000,0x0000000081be2368,0x0000000086f80000)
 Metaspace       used 14631K, capacity 14892K, committed 14976K, reserved 1062912K
  class space    used 1820K, capacity 1908K, committed 1920K, reserved 1048576K
Event: 1.624 GC heap after
Heap after GC invocations=3 (full 0):
 PSYoungGen      total 38400K, used 5112K [0x00000000d5e00000, 0x00000000da900000, 0x0000000100000000)
  eden space 33280K, 0% used [0x00000000d5e00000,0x00000000d5e00000,0x00000000d7e80000)
  from space 5120K, 99% used [0x00000000d7e80000,0x00000000d837e070,0x00000000d8380000)
  to   space 5120K, 0% used [0x00000000da400000,0x00000000da400000,0x00000000da900000)
 ParOldGen       total 87552K, used 9029K [0x0000000081a00000, 0x0000000086f80000, 0x00000000d5e00000)
  object space 87552K, 10% used [0x0000000081a00000,0x00000000822d16c8,0x0000000086f80000)
 Metaspace       used 14631K, capacity 14892K, committed 14976K, reserved 1062912K
  class space    used 1820K, capacity 1908K, committed 1920K, reserved 1048576K
}
Event: 1.960 GC heap before
{Heap before GC invocations=4 (full 0):
 PSYoungGen      total 38400K, used 38392K [0x00000000d5e00000, 0x00000000da900000, 0x0000000100000000)
  eden space 33280K, 100% used [0x00000000d5e00000,0x00000000d7e80000,0x00000000d7e80000)
  from space 5120K, 99% used [0x00000000d7e80000,0x00000000d837e070,0x00000000d8380000)
  to   space 5120K, 0% used [0x00000000da400000,0x00000000da400000,0x00000000da900000)
 ParOldGen       total 87552K, used 9029K [0x0000000081a00000, 0x0000000086f80000, 0x00000000d5e00000)
  object space 87552K, 10% used [0x0000000081a00000,0x00000000822d16c8,0x0000000086f80000)
 Metaspace       used 15048K, capacity 15300K, committed 15488K, reserved 1062912K
  class space    used 1838K, capacity 1912K, committed 1920K, reserved 1048576K
Event: 1.986 GC heap after
Heap after GC invocations=4 (full 0):
 PSYoungGen      total 71680K, used 5096K [0x00000000d5e00000, 0x00000000da900000, 0x0000000100000000)
  eden space 66560K, 0% used [0x00000000d5e00000,0x00000000d5e00000,0x00000000d9f00000)
  from space 5120K, 99% used [0x00000000da400000,0x00000000da8fa040,0x00000000da900000)
  to   space 5120K, 0% used [0x00000000d9f00000,0x00000000d9f00000,0x00000000da400000)
 ParOldGen       total 87552K, used 14283K [0x0000000081a00000, 0x0000000086f80000, 0x00000000d5e00000)
  object space 87552K, 16% used [0x0000000081a00000,0x00000000827f2f08,0x0000000086f80000)
 Metaspace       used 15048K, capacity 15300K, committed 15488K, reserved 1062912K
  class space    used 1838K, capacity 1912K, committed 1920K, reserved 1048576K
}
Event: 2.760 GC heap before
{Heap before GC invocations=5 (full 0):
 PSYoungGen      total 71680K, used 71656K [0x00000000d5e00000, 0x00000000da900000, 0x0000000100000000)
  eden space 66560K, 100% used [0x00000000d5e00000,0x00000000d9f00000,0x00000000d9f00000)
  from space 5120K, 99% used [0x00000000da400000,0x00000000da8fa040,0x00000000da900000)
  to   space 5120K, 0% used [0x00000000d9f00000,0x00000000d9f00000,0x00000000da400000)
 ParOldGen       total 87552K, used 14283K [0x0000000081a00000, 0x0000000086f80000, 0x00000000d5e00000)
  object space 87552K, 16% used [0x0000000081a00000,0x00000000827f2f08,0x0000000086f80000)
 Metaspace       used 15665K, capacity 15990K, committed 16128K, reserved 1062912K
  class space    used 1873K, capacity 1947K, committed 2048K, reserved 1048576K
Event: 2.784 GC heap after
Heap after GC invocations=5 (full 0):
 PSYoungGen      total 71680K, used 5112K [0x00000000d5e00000, 0x00000000e0000000, 0x0000000100000000)
  eden space 66560K, 0% used [0x00000000d5e00000,0x00000000d5e00000,0x00000000d9f00000)
  from space 5120K, 99% used [0x00000000d9f00000,0x00000000da3fe030,0x00000000da400000)
  to   space 16384K, 0% used [0x00000000df000000,0x00000000df000000,0x00000000e0000000)
 ParOldGen       total 87552K, used 22737K [0x0000000081a00000, 0x0000000086f80000, 0x00000000d5e00000)
  object space 87552K, 25% used [0x0000000081a00000,0x00000000830345d0,0x0000000086f80000)
 Metaspace       used 15665K, capacity 15990K, committed 16128K, reserved 1062912K
  class space    used 1873K, capacity 1947K, committed 2048K, reserved 1048576K
}
Event: 3.536 GC heap before
{Heap before GC invocations=6 (full 0):
 PSYoungGen      total 71680K, used 71672K [0x00000000d5e00000, 0x00000000e0000000, 0x0000000100000000)
  eden space 66560K, 100% used [0x00000000d5e00000,0x00000000d9f00000,0x00000000d9f00000)
  from space 5120K, 99% used [0x00000000d9f00000,0x00000000da3fe030,0x00000000da400000)
  to   space 16384K, 0% used [0x00000000df000000,0x00000000df000000,0x00000000e0000000)
 ParOldGen       total 87552K, used 22737K [0x0000000081a00000, 0x0000000086f80000, 0x00000000d5e00000)
  object space 87552K, 25% used [0x0000000081a00000,0x00000000830345d0,0x0000000086f80000)
 Metaspace       used 16673K, capacity 17074K, committed 17280K, reserved 1064960K
  class space    used 1973K, capacity 2089K, committed 2176K, reserved 1048576K
Event: 3.555 GC heap after
Heap after GC invocations=6 (full 0):
 PSYoungGen      total 148992K, used 12734K [0x00000000d5e00000, 0x00000000e0100000, 0x0000000100000000)
  eden space 132608K, 0% used [0x00000000d5e00000,0x00000000d5e00000,0x00000000ddf80000)
  from space 16384K, 77% used [0x00000000df000000,0x00000000dfc6fa40,0x00000000e0000000)
  to   space 16896K, 0% used [0x00000000ddf80000,0x00000000ddf80000,0x00000000df000000)
 ParOldGen       total 87552K, used 22745K [0x0000000081a00000, 0x0000000086f80000, 0x00000000d5e00000)
  object space 87552K, 25% used [0x0000000081a00000,0x00000000830365d0,0x0000000086f80000)
 Metaspace       used 16673K, capacity 17074K, committed 17280K, reserved 1064960K
  class space    used 1973K, capacity 2089K, committed 2176K, reserved 1048576K
}
Event: 5.467 GC heap before
{Heap before GC invocations=7 (full 0):
 PSYoungGen      total 148992K, used 145342K [0x00000000d5e00000, 0x00000000e0100000, 0x0000000100000000)
  eden space 132608K, 100% used [0x00000000d5e00000,0x00000000ddf80000,0x00000000ddf80000)
  from space 16384K, 77% used [0x00000000df000000,0x00000000dfc6fa40,0x00000000e0000000)
  to   space 16896K, 0% used [0x00000000ddf80000,0x00000000ddf80000,0x00000000df000000)
 ParOldGen       total 87552K, used 22745K [0x0000000081a00000, 0x0000000086f80000, 0x00000000d5e00000)
  object space 87552K, 25% used [0x0000000081a00000,0x00000000830365d0,0x0000000086f80000)
 Metaspace       used 20099K, capacity 20650K, committed 20736K, reserved 1067008K
  class space    used 2339K, capacity 2510K, committed 2560K, reserved 1048576K
Event: 5.498 GC heap after
Heap after GC invocations=7 (full 0):
 PSYoungGen      total 149504K, used 16885K [0x00000000d5e00000, 0x00000000e9600000, 0x0000000100000000)
  eden space 132608K, 0% used [0x00000000d5e00000,0x00000000d5e00000,0x00000000ddf80000)
  from space 16896K, 99% used [0x00000000ddf80000,0x00000000deffd6d0,0x00000000df000000)
  to   space 27136K, 0% used [0x00000000e7b80000,0x00000000e7b80000,0x00000000e9600000)
 ParOldGen       total 87552K, used 37738K [0x0000000081a00000, 0x0000000086f80000, 0x00000000d5e00000)
  object space 87552K, 43% used [0x0000000081a00000,0x0000000083eda8d0,0x0000000086f80000)
 Metaspace       used 20099K, capacity 20650K, committed 20736K, reserved 1067008K
  class space    used 2339K, capacity 2510K, committed 2560K, reserved 1048576K
}

Deoptimization events (10 events):
Event: 5.131 Thread 0x00000000031f2800 Uncommon trap: reason=unstable_if action=reinterpret pc=0x0000000003c7a608 method=org.codehaus.plexus.util.xml.pull.MXParser.parseAttribute()C @ 1002
Event: 5.382 Thread 0x00000000031f2800 Uncommon trap: reason=unstable_if action=reinterpret pc=0x0000000004075ad4 method=org.apache.maven.model.Contributor.clone()Lorg/apache/maven/model/Contributor; @ 65
Event: 5.411 Thread 0x00000000031f2800 Uncommon trap: reason=unstable_if action=reinterpret pc=0x0000000003e2ceb4 method=java.io.BufferedReader.readLine(Z)Ljava/lang/String; @ 160
Event: 5.455 Thread 0x00000000031f2800 Uncommon trap: reason=unstable_if action=reinterpret pc=0x0000000003e680dc method=java.util.Properties$LineReader.readLine()I @ 246
Event: 5.467 Thread 0x0000000019364000 Uncommon trap: reason=class_check action=maybe_recompile pc=0x000000000402aefc method=java.util.concurrent.locks.AbstractQueuedSynchronizer.release(I)Z @ 2
Event: 5.498 Thread 0x000000001a16a000 Uncommon trap: reason=class_check action=maybe_recompile pc=0x000000000402aefc method=java.util.concurrent.locks.AbstractQueuedSynchronizer.release(I)Z @ 2
Event: 5.499 Thread 0x000000001a16a000 Uncommon trap: reason=class_check action=maybe_recompile pc=0x000000000402aefc method=java.util.concurrent.locks.AbstractQueuedSynchronizer.release(I)Z @ 2
Event: 5.505 Thread 0x0000000019364000 Uncommon trap: reason=class_check action=maybe_recompile pc=0x000000000402aefc method=java.util.concurrent.locks.AbstractQueuedSynchronizer.release(I)Z @ 2
Event: 5.506 Thread 0x00000000031f2800 Uncommon trap: reason=unstable_if action=reinterpret pc=0x00000000035eee98 method=sun.net.www.ParseUtil.encodePath(Ljava/lang/String;Z)Ljava/lang/String; @ 109
Event: 5.577 Thread 0x00000000031f2800 Uncommon trap: reason=unstable_if action=reinterpret pc=0x0000000003a70e80 method=org.eclipse.sisu.plexus.RealmFilteredBeans$FilteredItr.hasNext()Z @ 57

Internal exceptions (10 events):
Event: 1.269 Thread 0x00000000031f2800 Exception <a 'java/lang/NoClassDefFoundError': javax/annotation/Priority> (0x00000000d65c8738) thrown at [C:\re\workspace\8-2-build-windows-amd64-cygwin\jdk8u141\9370\hotspot\src\share\vm\classfile\systemDictionary.cpp, line 199]
Event: 1.368 Thread 0x00000000031f2800 Implicit null exception at 0x00000000034c949b to 0x00000000034c964d
Event: 1.568 Thread 0x00000000031f2800 Implicit null exception at 0x00000000038b3095 to 0x00000000038b433d
Event: 2.453 Thread 0x00000000031f2800 Implicit null exception at 0x000000000368ac55 to 0x000000000368ae2d
Event: 2.453 Thread 0x00000000031f2800 Implicit null exception at 0x00000000035b6caf to 0x00000000035b6d19
Event: 2.475 Thread 0x00000000031f2800 Implicit null exception at 0x0000000003a73e0f to 0x0000000003a74359
Event: 2.539 Thread 0x00000000031f2800 Implicit null exception at 0x0000000003b6a237 to 0x0000000003b6a481
Event: 2.875 Thread 0x00000000031f2800 Implicit null exception at 0x0000000003b3e36f to 0x0000000003b3f179
Event: 3.231 Thread 0x00000000031f2800 Implicit null exception at 0x0000000003cee5d9 to 0x0000000003cf155d
Event: 5.031 Thread 0x00000000031f2800 Exception <a 'java/lang/NoSuchMethodError': org.apache.maven.execution.MavenExecutionRequest.getFailureBehavior()Ljava/lang/String;> (0x00000000dc1f63e8) thrown at [C:\re\workspace\8-2-build-windows-amd64-cygwin\jdk8u141\9370\hotspot\src\share\vm\interpre

Events (10 events):
Event: 5.576 loading class org/apache/maven/artifact/handler/DefaultArtifactHandler done
Event: 5.576 loading class org/apache/maven/artifact/handler/DefaultArtifactHandler
Event: 5.576 loading class org/apache/maven/artifact/handler/DefaultArtifactHandler done
Event: 5.576 loading class org/apache/maven/artifact/handler/DefaultArtifactHandler
Event: 5.576 loading class org/apache/maven/artifact/handler/DefaultArtifactHandler done
Event: 5.576 loading class org/apache/maven/artifact/handler/DefaultArtifactHandler
Event: 5.576 loading class org/apache/maven/artifact/handler/DefaultArtifactHandler done
Event: 5.577 Thread 0x00000000031f2800 Uncommon trap: trap_request=0xffffff65 fr.pc=0x0000000003a70e80
Event: 5.577 Thread 0x00000000031f2800 DEOPT PACKING pc=0x0000000003a70e80 sp=0x0000000002c9df70
Event: 5.577 Thread 0x00000000031f2800 DEOPT UNPACKING pc=0x000000000333582a sp=0x0000000002c9df18 mode 2


Dynamic libraries:
0x00007ff7ac7c0000 - 0x00007ff7ac7f7000 	D:\Program Files\Java\jdk1.8.0_141\bin\java.exe
0x00007ffbbbc40000 - 0x00007ffbbbe21000 	C:\WINDOWS\SYSTEM32\ntdll.dll
0x00007ffbb9fc0000 - 0x00007ffbba071000 	C:\WINDOWS\System32\KERNEL32.DLL
0x00007ffbb8da0000 - 0x00007ffbb9013000 	C:\WINDOWS\System32\KERNELBASE.dll
0x00007ffbb99d0000 - 0x00007ffbb9a71000 	C:\WINDOWS\System32\ADVAPI32.dll
0x00007ffbb9930000 - 0x00007ffbb99ce000 	C:\WINDOWS\System32\msvcrt.dll
0x00007ffbb9600000 - 0x00007ffbb965b000 	C:\WINDOWS\System32\sechost.dll
0x00007ffbba400000 - 0x00007ffbba524000 	C:\WINDOWS\System32\RPCRT4.dll
0x00007ffbba1b0000 - 0x00007ffbba340000 	C:\WINDOWS\System32\USER32.dll
0x00007ffbb8c80000 - 0x00007ffbb8ca0000 	C:\WINDOWS\System32\win32u.dll
0x00007ffbbbad0000 - 0x00007ffbbbaf8000 	C:\WINDOWS\System32\GDI32.dll
0x00007ffbb8380000 - 0x00007ffbb8511000 	C:\WINDOWS\System32\gdi32full.dll
0x00007ffbb8ca0000 - 0x00007ffbb8d3f000 	C:\WINDOWS\System32\msvcp_win.dll
0x00007ffbb8090000 - 0x00007ffbb8188000 	C:\WINDOWS\System32\ucrtbase.dll
0x00007ffbac8c0000 - 0x00007ffbacb29000 	C:\WINDOWS\WinSxS\amd64_microsoft.windows.common-controls_6595b64144ccf1df_6.0.17134.885_none_fb42a3473065565f\COMCTL32.dll
0x00007ffbb9a80000 - 0x00007ffbb9da2000 	C:\WINDOWS\System32\combase.dll
0x00007ffbb8010000 - 0x00007ffbb8089000 	C:\WINDOWS\System32\bcryptPrimitives.dll
0x00007ffbb9700000 - 0x00007ffbb972d000 	C:\WINDOWS\System32\IMM32.DLL
0x0000000073fe0000 - 0x00000000740b2000 	D:\Program Files\Java\jdk1.8.0_141\jre\bin\msvcr100.dll
0x0000000072910000 - 0x00000000731ad000 	D:\Program Files\Java\jdk1.8.0_141\jre\bin\server\jvm.dll
0x00007ffbb9f30000 - 0x00007ffbb9f38000 	C:\WINDOWS\System32\PSAPI.DLL
0x00007ffbb7a40000 - 0x00007ffbb7a49000 	C:\WINDOWS\SYSTEM32\WSOCK32.dll
0x00007ffbba090000 - 0x00007ffbba0fc000 	C:\WINDOWS\System32\WS2_32.dll
0x00007ffbb1e30000 - 0x00007ffbb1e53000 	C:\WINDOWS\SYSTEM32\WINMM.dll
0x00007ffbb1e00000 - 0x00007ffbb1e2a000 	C:\WINDOWS\SYSTEM32\winmmbase.dll
0x00007ffbb1f90000 - 0x00007ffbb1f9a000 	C:\WINDOWS\SYSTEM32\VERSION.dll
0x00007ffbb8c30000 - 0x00007ffbb8c79000 	C:\WINDOWS\System32\cfgmgr32.dll
0x0000000073fd0000 - 0x0000000073fdf000 	D:\Program Files\Java\jdk1.8.0_141\jre\bin\verify.dll
0x0000000073fa0000 - 0x0000000073fc9000 	D:\Program Files\Java\jdk1.8.0_141\jre\bin\java.dll
0x0000000073f70000 - 0x0000000073f93000 	D:\Program Files\Java\jdk1.8.0_141\jre\bin\instrument.dll
0x0000000073f50000 - 0x0000000073f66000 	D:\Program Files\Java\jdk1.8.0_141\jre\bin\zip.dll
0x00007ffbba690000 - 0x00007ffbbbad0000 	C:\WINDOWS\System32\SHELL32.dll
0x00007ffbba100000 - 0x00007ffbba1a9000 	C:\WINDOWS\System32\shcore.dll
0x00007ffbb8520000 - 0x00007ffbb8c2d000 	C:\WINDOWS\System32\windows.storage.dll
0x00007ffbb9730000 - 0x00007ffbb9781000 	C:\WINDOWS\System32\shlwapi.dll
0x00007ffbb7f50000 - 0x00007ffbb7f61000 	C:\WINDOWS\System32\kernel.appcore.dll
0x00007ffbb7ff0000 - 0x00007ffbb800f000 	C:\WINDOWS\System32\profapi.dll
0x00007ffbb7fa0000 - 0x00007ffbb7fec000 	C:\WINDOWS\System32\powrprof.dll
0x00007ffbb7f70000 - 0x00007ffbb7f7a000 	C:\WINDOWS\System32\FLTLIB.DLL
0x00007ffbad1b0000 - 0x00007ffbad1ca000 	D:\Idea\IntelliJ IDEA 2018.2.3\bin\breakgen64.dll
0x0000000073f30000 - 0x0000000073f4a000 	D:\Program Files\Java\jdk1.8.0_141\jre\bin\net.dll
0x00007ffbb7470000 - 0x00007ffbb74d6000 	C:\WINDOWS\system32\mswsock.dll
0x0000000073f10000 - 0x0000000073f21000 	D:\Program Files\Java\jdk1.8.0_141\jre\bin\nio.dll
0x0000000073de0000 - 0x0000000073ded000 	D:\Program Files\Java\jdk1.8.0_141\jre\bin\management.dll
0x00007ffba0e00000 - 0x00007ffba0e16000 	C:\WINDOWS\system32\napinsp.dll
0x00007ffba0de0000 - 0x00007ffba0dfa000 	C:\WINDOWS\system32\pnrpnsp.dll
0x00007ffbb49b0000 - 0x00007ffbb49c9000 	C:\WINDOWS\system32\NLAapi.dll
0x00007ffbb7240000 - 0x00007ffbb72fe000 	C:\WINDOWS\SYSTEM32\DNSAPI.dll
0x00007ffbb90d0000 - 0x00007ffbb90d8000 	C:\WINDOWS\System32\NSI.dll
0x00007ffbb7200000 - 0x00007ffbb7238000 	C:\WINDOWS\SYSTEM32\IPHLPAPI.DLL
0x00007ffba0dd0000 - 0x00007ffba0dde000 	C:\WINDOWS\System32\winrnr.dll
0x00007ffbb23a0000 - 0x00007ffbb23b5000 	C:\WINDOWS\System32\wshbth.dll
0x00007ffba9220000 - 0x00007ffba922a000 	C:\Windows\System32\rasadhlp.dll
0x00007ffba9250000 - 0x00007ffba92c2000 	C:\WINDOWS\System32\fwpuclnt.dll
0x00007ffbb7a70000 - 0x00007ffbb7a95000 	C:\WINDOWS\SYSTEM32\bcrypt.dll

VM Arguments:
jvm_args: -Dmaven.multiModuleProjectDirectory=D:\my\superhero -Dmaven.home=D:\Idea\IntelliJ IDEA 2018.2.3\plugins\maven\lib\maven3 -Dclassworlds.conf=D:\Idea\IntelliJ IDEA 2018.2.3\plugins\maven\lib\maven3\bin\m2.conf -javaagent:D:\Idea\IntelliJ IDEA 2018.2.3\lib\idea_rt.jar=63707:D:\Idea\IntelliJ IDEA 2018.2.3\bin -Dfile.encoding=UTF-8 
java_command: org.codehaus.classworlds.Launcher -Didea.version=2018.2.3 -s D:\me\apache-maven-3.2.5\conf\settings.xml install
java_class_path (initial): D:\Idea\IntelliJ IDEA 2018.2.3\plugins\maven\lib\maven3\boot\plexus-classworlds-2.5.2.jar;D:\Idea\IntelliJ IDEA 2018.2.3\lib\idea_rt.jar
Launcher Type: SUN_STANDARD

Environment Variables:
JAVA_HOME=D:\Program Files\Java\jdk1.8.0_141
CLASSPATH=D:\Program Files\Java\jdk1.8.0_141\lib.jar;D:\Program Files\Java\jdk1.8.0_141\lib\tools.jar
PATH=D:\Program Files\;C:\Program Files (x86)\Common Files\Oracle\Java\javapath;C:\Program Files (x86)\Intel\iCLS Client\;C:\Program Files\Intel\iCLS Client\;C:\Windows\system32;C:\Windows;C:\Windows\System32\Wbem;C:\Windows\System32\WindowsPowerShell\v1.0\;C:\Program Files (x86)\NVIDIA Corporation\PhysX\Common;C:\Program Files (x86)\Intel\Intel(R) Management Engine Components\DAL;C:\Program Files\Intel\Intel(R) Management Engine Components\DAL;C:\Program Files (x86)\Intel\Intel(R) Management Engine Components\IPT;C:\Program Files\Intel\Intel(R) Management Engine Components\IPT;D:\Program Files\Java\jdk1.8.0_141\bin;D:\Program Files\Java\jdk1.8.0_141\jre\bin;D:\Program Files\Java\jdk1.8.0_141\lib\dt.jar;D:\Program Files\Java\jdk1.8.0_141\lib\tools.jar;D:\me\apache-maven-3.2.5\bin;d:\m2\repository;D:\me\apache-maven-3.2.5\bin;C:\WINDOWS\system32;C:\WINDOWS;C:\WINDOWS\System32\Wbem;C:\WINDOWS\System32\WindowsPowerShell\v1.0\;C:\WINDOWS\System32\OpenSSH\;D:\tool\gradle-4.7\bin;D:\tool\GROOVY\groovy-2.5.7\bin;D:\Program Files\PuTTY\;d:\Program Files\Git\cmd;C:\Users\25362\AppData\Local\Microsoft\WindowsApps;;D:\tool\docker\Docker Toolbox
USERNAME=25362
OS=Windows_NT
PROCESSOR_IDENTIFIER=Intel64 Family 6 Model 158 Stepping 9, GenuineIntel



---------------  S Y S T E M  ---------------

OS: Windows 10.0 , 64 bit Build 17134 (10.0.17134.753)

CPU:total 4 (initial active 4) (4 cores per cpu, 1 threads per core) family 6 model 158 stepping 9, cmov, cx8, fxsr, mmx, sse, sse2, sse3, ssse3, sse4.1, sse4.2, popcnt, avx, avx2, aes, clmul, erms, 3dnowpref, lzcnt, tsc, tscinvbit, bmi1, bmi2, adx

Memory: 4k page, physical 8278180k(401472k free), swap 15879712k(288k free)

vm_info: Java HotSpot(TM) 64-Bit Server VM (25.141-b15) for windows-amd64 JRE (1.8.0_141-b15), built on Jul 12 2017 04:25:12 by "java_re" with MS VC++ 10.0 (VS2010)

time: Wed Aug 07 23:55:27 2019
elapsed time: 5 seconds (0d 0h 0m 5s)

